<?xml version="1.0" encoding="UTF-8"?>
<TestRun id="29addc2d-bdb1-4d4f-9bef-d66fafeafd6b" name="vavelino@WEC823 2013-03-18 18:09:01" runUser="SHCNET\vavelino" xmlns="http://microsoft.com/schemas/VisualStudio/TeamTest/2010">
  <TestSettings name="Local Test Run" id="a1b13695-aa10-44a2-b14f-b5e46c2b5d46">
    <Description>This is a default test run configuration for a local test run.</Description>
    <Deployment runDeploymentRoot="vavelino_WEC823 2013-03-18 18_09_01">
      <DeploymentItem filename="C:\_Projetos\ImpactaCSharp1\Impacta.Dominio\bin\Debug\Impacta.Dominio.dll" />
      <DeploymentItem filename="C:\_Projetos\ImpactaCSharp1\Impacta.Infra.Repositorios.SqlServer\bin\Debug\Impacta.Infra.Repositorios.SqlServer.dll" />
    </Deployment>
    <Execution>
      <TestTypeSpecific />
      <AgentRule name="Execution Agents">
      </AgentRule>
    </Execution>
  </TestSettings>
  <Times creation="2013-03-18T18:09:01.7293322-03:00" queuing="2013-03-18T18:09:01.9683459-03:00" start="2013-03-18T18:09:01.9753463-03:00" finish="2013-03-18T18:09:02.1643571-03:00" />
  <ResultSummary outcome="Completed">
    <Counters total="1" executed="1" passed="1" error="0" failed="0" timeout="0" aborted="0" inconclusive="0" passedButRunAborted="0" notRunnable="0" notExecuted="0" disconnected="0" warning="0" completed="0" inProgress="0" pending="0" />
  </ResultSummary>
  <TestDefinitions>
    <UnitTest name="ConexaoTest" storage="c:\_projetos\impactacsharp1\impacta.infra.repositorios.sqlserver.testes\bin\debug\impacta.infra.repositorios.sqlserver.testes.dll" id="c7e25257-09f7-324e-c2c4-392e6bfd22ff">
      <Execution id="b353bf04-5a8c-4863-a94c-c926cd78de46" />
      <TestMethod codeBase="C:/_Projetos/ImpactaCSharp1/Impacta.Infra.Repositorios.SqlServer.Testes/bin/Debug/Impacta.Infra.Repositorios.SqlServer.Testes.DLL" adapterTypeName="Microsoft.VisualStudio.TestTools.TestTypes.Unit.UnitTestAdapter, Microsoft.VisualStudio.QualityTools.Tips.UnitTest.Adapter, Version=10.0.0.0, Culture=neutral, PublicKeyToken=b03f5f7f11d50a3a" className="Impacta.Infra.Repositorios.SqlServer.Testes.BaseRepositorioTest, Impacta.Infra.Repositorios.SqlServer.Testes, Version=1.0.0.0, Culture=neutral, PublicKeyToken=null" name="ConexaoTest" />
    </UnitTest>
  </TestDefinitions>
  <TestLists>
    <TestList name="Results Not in a List" id="8c84fa94-04c1-424b-9868-57a2d4851a1d" />
    <TestList name="All Loaded Results" id="19431567-8539-422a-85d7-44ee4e166bda" />
  </TestLists>
  <TestEntries>
    <TestEntry testId="c7e25257-09f7-324e-c2c4-392e6bfd22ff" executionId="b353bf04-5a8c-4863-a94c-c926cd78de46" testListId="8c84fa94-04c1-424b-9868-57a2d4851a1d" />
  </TestEntries>
  <Results>
    <UnitTestResult executionId="b353bf04-5a8c-4863-a94c-c926cd78de46" testId="c7e25257-09f7-324e-c2c4-392e6bfd22ff" testName="ConexaoTest" computerName="WEC823" duration="00:00:00.0272003" startTime="2013-03-18T18:09:01.9773464-03:00" endTime="2013-03-18T18:09:02.1543566-03:00" testType="13cdc9d9-ddb5-4fa4-a97d-d965ccfc6d4b" outcome="Passed" testListId="8c84fa94-04c1-424b-9868-57a2d4851a1d" relativeResultsDirectory="b353bf04-5a8c-4863-a94c-c926cd78de46">
    </UnitTestResult>
  </Results>
</TestRun>