<?xml version="1.0" encoding="UTF-8"?>
<TestRun id="b7b7b712-411e-49b3-8542-e7feafc3387a" name="vavelino@WEC823 2013-03-18 18:07:25" runUser="SHCNET\vavelino" xmlns="http://microsoft.com/schemas/VisualStudio/TeamTest/2010">
  <TestSettings name="Local Test Run" id="a1b13695-aa10-44a2-b14f-b5e46c2b5d46">
    <Description>This is a default test run configuration for a local test run.</Description>
    <Deployment runDeploymentRoot="vavelino_WEC823 2013-03-18 18_07_25">
      <DeploymentItem filename="C:\_Projetos\ImpactaCSharp1\Impacta.Dominio\bin\Debug\Impacta.Dominio.dll" />
      <DeploymentItem filename="C:\_Projetos\ImpactaCSharp1\Impacta.Infra.Repositorios.SqlServer\bin\Debug\Impacta.Infra.Repositorios.SqlServer.dll" />
    </Deployment>
    <Execution>
      <TestTypeSpecific />
      <AgentRule name="Execution Agents">
      </AgentRule>
    </Execution>
  </TestSettings>
  <Times creation="2013-03-18T18:07:25.6078344-03:00" queuing="2013-03-18T18:07:26.1288642-03:00" start="2013-03-18T18:07:26.1368647-03:00" finish="2013-03-18T18:07:26.4618833-03:00" />
  <ResultSummary outcome="Failed">
    <Counters total="1" executed="1" error="0" failed="1" timeout="0" aborted="0" inconclusive="0" passedButRunAborted="0" notRunnable="0" notExecuted="0" disconnected="0" warning="0" passed="0" completed="0" inProgress="0" pending="0" />
  </ResultSummary>
  <TestDefinitions>
    <UnitTest name="ExecutarProcedureTest" storage="c:\_projetos\impactacsharp1\impacta.infra.repositorios.sqlserver.testes\bin\debug\impacta.infra.repositorios.sqlserver.testes.dll" id="da732584-e34b-9b64-f7b2-c437ee0ee7b1">
      <Execution id="895e475a-bf5b-4085-b343-a3c4556563ce" />
      <TestMethod codeBase="C:/_Projetos/ImpactaCSharp1/Impacta.Infra.Repositorios.SqlServer.Testes/bin/Debug/Impacta.Infra.Repositorios.SqlServer.Testes.DLL" adapterTypeName="Microsoft.VisualStudio.TestTools.TestTypes.Unit.UnitTestAdapter, Microsoft.VisualStudio.QualityTools.Tips.UnitTest.Adapter, Version=10.0.0.0, Culture=neutral, PublicKeyToken=b03f5f7f11d50a3a" className="Impacta.Infra.Repositorios.SqlServer.Testes.BaseRepositorioTest, Impacta.Infra.Repositorios.SqlServer.Testes, Version=1.0.0.0, Culture=neutral, PublicKeyToken=null" name="ExecutarProcedureTest" />
    </UnitTest>
  </TestDefinitions>
  <TestLists>
    <TestList name="Results Not in a List" id="8c84fa94-04c1-424b-9868-57a2d4851a1d" />
    <TestList name="All Loaded Results" id="19431567-8539-422a-85d7-44ee4e166bda" />
  </TestLists>
  <TestEntries>
    <TestEntry testId="da732584-e34b-9b64-f7b2-c437ee0ee7b1" executionId="895e475a-bf5b-4085-b343-a3c4556563ce" testListId="8c84fa94-04c1-424b-9868-57a2d4851a1d" />
  </TestEntries>
  <Results>
    <UnitTestResult executionId="895e475a-bf5b-4085-b343-a3c4556563ce" testId="da732584-e34b-9b64-f7b2-c437ee0ee7b1" testName="ExecutarProcedureTest" computerName="WEC823" duration="00:00:00.1536548" startTime="2013-03-18T18:07:26.1388648-03:00" endTime="2013-03-18T18:07:26.4428822-03:00" testType="13cdc9d9-ddb5-4fa4-a97d-d965ccfc6d4b" outcome="Failed" testListId="8c84fa94-04c1-424b-9868-57a2d4851a1d" relativeResultsDirectory="895e475a-bf5b-4085-b343-a3c4556563ce">
      <Output>
        <ErrorInfo>
          <Message>Test method Impacta.Infra.Repositorios.SqlServer.Testes.BaseRepositorioTest.ExecutarProcedureTest threw exception: 
System.InvalidCastException: The OdbcParameterCollection only accepts non-null OdbcParameter type objects, not String objects.</Message>
          <StackTrace>    at System.Data.Odbc.OdbcParameterCollection.ValidateType(Object value)
   at System.Data.Odbc.OdbcParameterCollection.Add(Object value)
   at Impacta.Infra.Repositorios.SqlServer.BaseRepositorio.ExecutarProcedure() in C:\_Projetos\ImpactaCSharp1\Impacta.Infra.Repositorios.SqlServer\BaseRepositorio.cs:line 18
   at Impacta.Infra.Repositorios.SqlServer.Testes.BaseRepositorioTest.ExecutarProcedureTest() in C:\_Projetos\ImpactaCSharp1\Impacta.Infra.Repositorios.SqlServer.Testes\BaseRepositorioTest.cs:line 18
</StackTrace>
        </ErrorInfo>
      </Output>
    </UnitTestResult>
  </Results>
</TestRun>