<?xml version="1.0" encoding="UTF-8"?>
<TestRun id="75e3eb24-12b9-4bee-9b82-89b119fa19ef" name="vavelino@WEC823 2013-03-18 18:10:43" runUser="SHCNET\vavelino" xmlns="http://microsoft.com/schemas/VisualStudio/TeamTest/2010">
  <TestSettings name="Local Test Run" id="a1b13695-aa10-44a2-b14f-b5e46c2b5d46">
    <Description>This is a default test run configuration for a local test run.</Description>
    <Deployment runDeploymentRoot="vavelino_WEC823 2013-03-18 18_10_43">
      <DeploymentItem filename="C:\_Projetos\ImpactaCSharp1\Impacta.Dominio\bin\Debug\Impacta.Dominio.dll" />
      <DeploymentItem filename="C:\_Projetos\ImpactaCSharp1\Impacta.Infra.Repositorios.SqlServer\bin\Debug\Impacta.Infra.Repositorios.SqlServer.dll" />
    </Deployment>
    <Execution>
      <TestTypeSpecific />
      <AgentRule name="Execution Agents">
      </AgentRule>
    </Execution>
  </TestSettings>
  <Times creation="2013-03-18T18:10:43.9471788-03:00" queuing="2013-03-18T18:10:48.3534308-03:00" start="2013-03-18T18:10:48.5174402-03:00" finish="2013-03-18T18:12:53.2915769-03:00" />
  <ResultSummary outcome="Error">
    <Counters total="1" executed="1" error="0" failed="0" timeout="0" aborted="1" inconclusive="0" passedButRunAborted="0" notRunnable="0" notExecuted="0" disconnected="0" warning="0" passed="0" completed="0" inProgress="0" pending="0" />
    <RunInfos>
      <RunInfo computerName="WEC823" outcome="Error" timestamp="2013-03-18T18:12:53.2845765-03:00">
        <Text>Test host process exited unexpectedly.</Text>
      </RunInfo>
    </RunInfos>
  </ResultSummary>
  <TestDefinitions>
    <UnitTest name="ExecutarProcedureTest" storage="c:\_projetos\impactacsharp1\impacta.infra.repositorios.sqlserver.testes\bin\debug\impacta.infra.repositorios.sqlserver.testes.dll" id="da732584-e34b-9b64-f7b2-c437ee0ee7b1">
      <Execution id="1f2b2667-ad84-4f04-a3d5-61a47d85027c" />
      <TestMethod codeBase="C:/_Projetos/ImpactaCSharp1/Impacta.Infra.Repositorios.SqlServer.Testes/bin/Debug/Impacta.Infra.Repositorios.SqlServer.Testes.DLL" adapterTypeName="Microsoft.VisualStudio.TestTools.TestTypes.Unit.UnitTestAdapter, Microsoft.VisualStudio.QualityTools.Tips.UnitTest.Adapter, Version=10.0.0.0, Culture=neutral, PublicKeyToken=b03f5f7f11d50a3a" className="Impacta.Infra.Repositorios.SqlServer.Testes.BaseRepositorioTest, Impacta.Infra.Repositorios.SqlServer.Testes, Version=1.0.0.0, Culture=neutral, PublicKeyToken=null" name="ExecutarProcedureTest" />
    </UnitTest>
  </TestDefinitions>
  <TestLists>
    <TestList name="Results Not in a List" id="8c84fa94-04c1-424b-9868-57a2d4851a1d" />
    <TestList name="All Loaded Results" id="19431567-8539-422a-85d7-44ee4e166bda" />
  </TestLists>
  <TestEntries>
    <TestEntry testId="da732584-e34b-9b64-f7b2-c437ee0ee7b1" executionId="1f2b2667-ad84-4f04-a3d5-61a47d85027c" testListId="8c84fa94-04c1-424b-9868-57a2d4851a1d" />
  </TestEntries>
  <Results>
    <UnitTestResult executionId="1f2b2667-ad84-4f04-a3d5-61a47d85027c" testId="da732584-e34b-9b64-f7b2-c437ee0ee7b1" testName="ExecutarProcedureTest" computerName="WEC823" duration="00:02:04.6311285" startTime="2013-03-18T18:10:48.6604484-03:00" endTime="2013-03-18T18:12:53.2915769-03:00" testType="13cdc9d9-ddb5-4fa4-a97d-d965ccfc6d4b" outcome="Aborted" testListId="8c84fa94-04c1-424b-9868-57a2d4851a1d" relativeResultsDirectory="1f2b2667-ad84-4f04-a3d5-61a47d85027c">
    </UnitTestResult>
  </Results>
</TestRun>